  main_my_game.cpp
c:\users\crbro\desktop\projects!!!!\voronoi flail\levent_development\tiny2d\include\table_file_core.h(37): warning C4244: 'initializing': conversion from '__int64' to 'unsigned int', possible loss of data
c:\users\crbro\desktop\projects!!!!\voronoi flail\levent_development\tiny2d\include\table_file_core.h(40): warning C4244: 'argument': conversion from '__int64' to '::size_t', possible loss of data
c:\users\crbro\desktop\projects!!!!\voronoi flail\levent_development\tiny2d\include\table_file_core.h(70): warning C4244: '=': conversion from '__int64' to 'unsigned int', possible loss of data
c:\users\crbro\desktop\projects!!!!\voronoi flail\levent_development\tiny2d\include\table_file_core.h(102): warning C4244: 'initializing': conversion from '__int64' to 'unsigned int', possible loss of data
c:\users\crbro\desktop\projects!!!!\voronoi flail\levent_development\tiny2d\include\table_file_core.h(116): warning C4244: '=': conversion from '__int64' to 'unsigned int', possible loss of data
c:\users\crbro\desktop\projects!!!!\voronoi flail\levent_development\tiny2d\include\grid_core.h(41): warning C4244: '=': conversion from 'float' to 'int', possible loss of data
c:\users\crbro\desktop\projects!!!!\voronoi flail\levent_development\tiny2d\include\grid_core.h(42): warning C4244: '=': conversion from 'float' to 'int', possible loss of data
c:\users\crbro\desktop\projects!!!!\voronoi flail\levent_development\tiny2d\include\grid_core.h(47): warning C4244: '=': conversion from 'const float' to 'int', possible loss of data
c:\users\crbro\desktop\projects!!!!\voronoi flail\levent_development\tiny2d\include\grid_core.h(48): warning C4244: '=': conversion from 'const float' to 'int', possible loss of data
c:\users\crbro\desktop\projects!!!!\voronoi flail\levent_development\tiny2d\include\grid_core.h(49): warning C4244: '=': conversion from 'float' to 'int', possible loss of data
c:\users\crbro\desktop\projects!!!!\voronoi flail\levent_development\tiny2d\include\grid_core.h(50): warning C4244: '=': conversion from 'float' to 'int', possible loss of data
c:\users\crbro\desktop\projects!!!!\voronoi flail\levent_development\tiny2d\include\grid_core.h(83): warning C4244: 'initializing': conversion from 'const float' to 'int', possible loss of data
c:\users\crbro\desktop\projects!!!!\voronoi flail\levent_development\tiny2d\include\grid_core.h(84): warning C4244: 'initializing': conversion from 'const float' to 'int', possible loss of data
c:\users\crbro\desktop\projects!!!!\voronoi flail\levent_development\tiny2d\include\grid_core.h(85): warning C4244: 'initializing': conversion from 'float' to 'int', possible loss of data
c:\users\crbro\desktop\projects!!!!\voronoi flail\levent_development\tiny2d\include\grid_core.h(86): warning C4244: 'initializing': conversion from 'float' to 'int', possible loss of data
c:\users\crbro\desktop\projects!!!!\voronoi flail\levent_development\tiny2d\include\grid_core.h(100): warning C4244: 'initializing': conversion from 'const float' to 'int', possible loss of data
c:\users\crbro\desktop\projects!!!!\voronoi flail\levent_development\tiny2d\include\grid_core.h(101): warning C4244: 'initializing': conversion from 'const float' to 'int', possible loss of data
c:\users\crbro\desktop\projects!!!!\voronoi flail\levent_development\tiny2d\include\grid_core.h(102): warning C4244: 'initializing': conversion from 'float' to 'int', possible loss of data
c:\users\crbro\desktop\projects!!!!\voronoi flail\levent_development\tiny2d\include\grid_core.h(103): warning C4244: 'initializing': conversion from 'float' to 'int', possible loss of data
c:\users\crbro\desktop\projects!!!!\voronoi flail\levent_development\tiny2d\include\grid_core.h(117): warning C4244: 'initializing': conversion from 'const float' to 'int', possible loss of data
c:\users\crbro\desktop\projects!!!!\voronoi flail\levent_development\tiny2d\include\grid_core.h(118): warning C4244: 'initializing': conversion from 'const float' to 'int', possible loss of data
c:\users\crbro\desktop\projects!!!!\voronoi flail\levent_development\tiny2d\include\grid_core.h(119): warning C4244: 'initializing': conversion from 'float' to 'int', possible loss of data
c:\users\crbro\desktop\projects!!!!\voronoi flail\levent_development\tiny2d\include\grid_core.h(120): warning C4244: 'initializing': conversion from 'float' to 'int', possible loss of data
c:\users\crbro\desktop\projects!!!!\voronoi flail\levent_development\tiny2d\include\grid_core.h(138): warning C4244: '=': conversion from 'double' to 'unsigned char', possible loss of data
c:\users\crbro\desktop\projects!!!!\voronoi flail\levent_development\tiny2d\include\grid_core.h(142): warning C4244: '=': conversion from 'double' to 'unsigned char', possible loss of data
c:\users\crbro\desktop\projects!!!!\voronoi flail\levent_development\tiny2d\include\grid_core.h(146): warning C4244: '=': conversion from 'double' to 'unsigned char', possible loss of data
c:\users\crbro\desktop\projects!!!!\voronoi flail\levent_development\tiny2d\include\grid_core.h(163): warning C4018: '<': signed/unsigned mismatch
c:\users\crbro\desktop\projects!!!!\voronoi flail\levent_development\tiny2d\include\grid_core.h(172): warning C4018: '<': signed/unsigned mismatch
c:\users\crbro\desktop\projects!!!!\voronoi flail\levent_development\tiny2d\include\grid_core.h(174): warning C4018: '<': signed/unsigned mismatch
c:\users\crbro\desktop\projects!!!!\voronoi flail\levent_development\tiny2d\include\grid_camera_core.h(56): warning C4244: 'initializing': conversion from 'float' to 'int', possible loss of data
c:\users\crbro\desktop\projects!!!!\voronoi flail\levent_development\tiny2d\include\grid_camera_core.h(57): warning C4244: 'initializing': conversion from 'float' to 'int', possible loss of data
c:\users\crbro\desktop\projects!!!!\voronoi flail\levent_development\tiny2d\include\grid_camera_core.h(59): warning C4244: '=': conversion from 'float' to 'int', possible loss of data
c:\users\crbro\desktop\projects!!!!\voronoi flail\levent_development\tiny2d\include\grid_camera_core.h(60): warning C4244: '=': conversion from 'float' to 'int', possible loss of data
c:\users\crbro\desktop\projects!!!!\voronoi flail\levent_development\tiny2d\include\grid_camera_core.h(61): warning C4244: '=': conversion from 'float' to 'int', possible loss of data
c:\users\crbro\desktop\projects!!!!\voronoi flail\levent_development\tiny2d\include\grid_camera_core.h(62): warning C4244: '=': conversion from 'float' to 'int', possible loss of data
c:\users\crbro\desktop\projects!!!!\voronoi flail\levent_development\tiny2d\include\shape_core.h(40): warning C4244: '=': conversion from 'double' to 'float', possible loss of data
c:\users\crbro\desktop\projects!!!!\voronoi flail\levent_development\tiny2d\include\shape_core.h(42): warning C4244: '=': conversion from 'double' to 'float', possible loss of data
c:\users\crbro\desktop\projects!!!!\voronoi flail\levent_development\tiny2d\include\shape_core.h(66): warning C4244: 'initializing': conversion from 'double' to 'float', possible loss of data
c:\users\crbro\desktop\projects!!!!\voronoi flail\levent_development\tiny2d\include\shape_core.h(67): warning C4244: 'initializing': conversion from 'double' to 'float', possible loss of data
c:\users\crbro\desktop\projects!!!!\voronoi flail\levent_development\tiny2d\include\shape_core.h(68): warning C4244: 'initializing': conversion from 'double' to 'float', possible loss of data
c:\users\crbro\desktop\projects!!!!\voronoi flail\levent_development\tiny2d\include\shape_core.h(69): warning C4244: 'initializing': conversion from 'double' to 'float', possible loss of data
c:\users\crbro\desktop\projects!!!!\voronoi flail\levent_development\tiny2d\include\shape_core.h(99): warning C4244: '=': conversion from 'float' to 'int', possible loss of data
c:\users\crbro\desktop\projects!!!!\voronoi flail\levent_development\tiny2d\include\shape_core.h(100): warning C4244: '=': conversion from 'float' to 'int', possible loss of data
c:\users\crbro\desktop\projects!!!!\voronoi flail\levent_development\tiny2d\include\shape_core.h(101): warning C4244: '=': conversion from 'float' to 'int', possible loss of data
c:\users\crbro\desktop\projects!!!!\voronoi flail\levent_development\tiny2d\include\shape_core.h(102): warning C4244: '=': conversion from 'float' to 'int', possible loss of data
c:\users\crbro\desktop\projects!!!!\voronoi flail\levent_development\tiny2d\include\shape_core.h(132): warning C4244: 'argument': conversion from 'double' to 'int', possible loss of data
c:\users\crbro\desktop\projects!!!!\voronoi flail\levent_development\tiny2d\include\tileset_core.h(73): warning C4244: 'initializing': conversion from 'const float' to 'int', possible loss of data
c:\users\crbro\desktop\projects!!!!\voronoi flail\levent_development\tiny2d\include\tileset_core.h(74): warning C4244: 'initializing': conversion from 'const float' to 'int', possible loss of data
c:\users\crbro\desktop\projects!!!!\voronoi flail\levent_development\tiny2d\include\tileset_core.h(75): warning C4244: 'initializing': conversion from 'float' to 'int', possible loss of data
c:\users\crbro\desktop\projects!!!!\voronoi flail\levent_development\tiny2d\include\tileset_core.h(76): warning C4244: 'initializing': conversion from 'float' to 'int', possible loss of data
c:\users\crbro\desktop\projects!!!!\voronoi flail\levent_development\tiny2d\include\font_core.h(94): warning C4244: 'argument': conversion from 'float' to 'int', possible loss of data
c:\users\crbro\desktop\projects!!!!\voronoi flail\levent_development\tiny2d\include\collision_core.h(44): warning C4244: 'initializing': conversion from 'double' to 'float', possible loss of data
c:\users\crbro\desktop\projects!!!!\voronoi flail\levent_development\tiny2d\include\collision_core.h(53): warning C4244: 'initializing': conversion from 'double' to 'float', possible loss of data
c:\users\crbro\desktop\projects!!!!\voronoi flail\levent_development\tiny2d\include\collision_core.h(97): warning C4244: 'initializing': conversion from 'double' to 'float', possible loss of data
c:\users\crbro\desktop\projects!!!!\voronoi flail\levent_development\tiny2d\include\sprite_core.h(59): warning C4018: '>=': signed/unsigned mismatch
c:\users\crbro\desktop\projects!!!!\voronoi flail\levent_development\tiny2d\include\sprite_core.h(94): warning C4473: 'fscanf' : not enough arguments passed for format string
  c:\users\crbro\desktop\projects!!!!\voronoi flail\levent_development\tiny2d\include\sprite_core.h(94): note: placeholders and their parameters expect 7 variadic arguments, but 6 were provided
  c:\users\crbro\desktop\projects!!!!\voronoi flail\levent_development\tiny2d\include\sprite_core.h(94): note: the missing variadic argument 7 is required by format string '%f'
c:\users\crbro\desktop\projects!!!!\voronoi flail\levent_development\tiny2d\include\body_core.h(84): warning C4244: '*=': conversion from 'double' to 'float', possible loss of data
c:\users\crbro\desktop\projects!!!!\voronoi flail\levent_development\tiny2d\include\body_core.h(85): warning C4244: '*=': conversion from 'double' to 'float', possible loss of data
c:\users\crbro\desktop\projects!!!!\voronoi flail\levent_development\tiny2d\include\light_core.h(81): warning C4838: conversion from 'int' to 'float' requires a narrowing conversion
c:\users\crbro\desktop\projects!!!!\voronoi flail\levent_development\tiny2d\include\light_core.h(81): warning C4244: 'initializing': conversion from 'int' to 'float', possible loss of data
c:\users\crbro\desktop\projects!!!!\voronoi flail\levent_development\tiny2d\include\actor_core.h(269): warning C4244: 'argument': conversion from 'float' to 'int', possible loss of data
c:\users\crbro\desktop\projects!!!!\voronoi flail\levent_development\tiny2d\include\actor_core.h(268): warning C4244: 'argument': conversion from 'float' to 'int', possible loss of data
c:\users\crbro\desktop\projects!!!!\voronoi flail\levent_development\tiny2d\include\actor_core.h(267): warning C4244: 'argument': conversion from 'float' to 'int', possible loss of data
c:\users\crbro\desktop\projects!!!!\voronoi flail\levent_development\tiny2d\include\actor_core.h(266): warning C4244: 'argument': conversion from 'float' to 'int', possible loss of data
c:\users\crbro\desktop\projects!!!!\voronoi flail\levent_development\tiny2d\include\actor_core.h(292): warning C4244: 'argument': conversion from 'float' to 'int', possible loss of data
c:\users\crbro\desktop\projects!!!!\voronoi flail\levent_development\tiny2d\include\actor_core.h(291): warning C4244: 'argument': conversion from 'float' to 'int', possible loss of data
c:\users\crbro\desktop\projects!!!!\voronoi flail\levent_development\tiny2d\include\actor_core.h(290): warning C4244: 'argument': conversion from 'float' to 'int', possible loss of data
c:\users\crbro\desktop\projects!!!!\voronoi flail\levent_development\tiny2d\include\actor_core.h(289): warning C4244: 'argument': conversion from 'float' to 'int', possible loss of data
c:\users\crbro\desktop\projects!!!!\voronoi flail\levent_development\tiny2d\include\particle_core.h(79): warning C4244: '=': conversion from 'double' to 'int', possible loss of data
c:\users\crbro\desktop\projects!!!!\voronoi flail\levent_development\tiny2d\include\particle_core.h(89): warning C4244: '=': conversion from 'double' to 'float', possible loss of data
c:\users\crbro\desktop\projects!!!!\voronoi flail\levent_development\tiny2d\include\particle_core.h(90): warning C4244: '=': conversion from 'double' to 'float', possible loss of data
c:\users\crbro\desktop\projects!!!!\voronoi flail\levent_development\tiny2d\include\particle_core.h(126): warning C4018: '>=': signed/unsigned mismatch
c:\users\crbro\desktop\projects!!!!\voronoi flail\levent_development\tiny2d\include\particle_core.h(183): warning C4244: 'initializing': conversion from 'double' to 'float', possible loss of data
c:\users\crbro\desktop\projects!!!!\voronoi flail\levent_development\tiny2d\include\particle_core.h(192): warning C4244: 'argument': conversion from 'float' to 'unsigned char', possible loss of data
c:\users\crbro\desktop\projects!!!!\voronoi flail\levent_development\tiny2d\include\particle_core.h(189): warning C4244: 'argument': conversion from 'float' to 'int', possible loss of data
c:\users\crbro\desktop\projects!!!!\voronoi flail\levent_development\tiny2d\include\particle_core.h(188): warning C4244: 'argument': conversion from 'float' to 'int', possible loss of data
c:\users\crbro\desktop\projects!!!!\voronoi flail\levent_development\tiny2d\include\particle_core.h(187): warning C4244: 'argument': conversion from 'float' to 'int', possible loss of data
c:\users\crbro\desktop\projects!!!!\voronoi flail\levent_development\tiny2d\include\particle_core.h(186): warning C4244: 'argument': conversion from 'float' to 'int', possible loss of data
c:\users\crbro\desktop\projects!!!!\voronoi flail\levent_development\tiny2d\my_game.h(34): warning C4305: 'initializing': truncation from 'double' to 'float'
c:\users\crbro\desktop\projects!!!!\voronoi flail\levent_development\tiny2d\my_game.h(35): warning C4305: 'initializing': truncation from 'double' to 'float'
c:\users\crbro\desktop\projects!!!!\voronoi flail\levent_development\tiny2d\my_game.h(36): warning C4305: 'initializing': truncation from 'double' to 'float'
c:\users\crbro\desktop\projects!!!!\voronoi flail\levent_development\tiny2d\my_game.h(41): warning C4305: 'initializing': truncation from 'double' to 'float'
c:\users\crbro\desktop\projects!!!!\voronoi flail\levent_development\tiny2d\my_game.h(71): warning C4244: 'argument': conversion from 'time_t' to 'unsigned int', possible loss of data
c:\users\crbro\desktop\projects!!!!\voronoi flail\levent_development\tiny2d\my_game.h(132): warning C4244: 'argument': conversion from 'double' to 'float', possible loss of data
c:\users\crbro\desktop\projects!!!!\voronoi flail\levent_development\tiny2d\my_game.h(141): warning C4244: '=': conversion from 'double' to 'float', possible loss of data
c:\users\crbro\desktop\projects!!!!\voronoi flail\levent_development\tiny2d\my_game.h(142): warning C4244: '=': conversion from 'double' to 'float', possible loss of data
c:\users\crbro\desktop\projects!!!!\voronoi flail\levent_development\tiny2d\my_game.h(150): warning C4244: 'argument': conversion from 'int' to 'float', possible loss of data
c:\users\crbro\desktop\projects!!!!\voronoi flail\levent_development\tiny2d\my_game.h(155): warning C4838: conversion from 'int' to 'float' requires a narrowing conversion
c:\users\crbro\desktop\projects!!!!\voronoi flail\levent_development\tiny2d\my_game.h(155): warning C4244: 'initializing': conversion from 'int' to 'float', possible loss of data
c:\users\crbro\desktop\projects!!!!\voronoi flail\levent_development\tiny2d\my_game.h(160): warning C4838: conversion from 'int' to 'float' requires a narrowing conversion
c:\users\crbro\desktop\projects!!!!\voronoi flail\levent_development\tiny2d\my_game.h(160): warning C4244: 'initializing': conversion from 'int' to 'float', possible loss of data
c:\users\crbro\desktop\projects!!!!\voronoi flail\levent_development\tiny2d\my_game.h(165): warning C4838: conversion from 'int' to 'float' requires a narrowing conversion
c:\users\crbro\desktop\projects!!!!\voronoi flail\levent_development\tiny2d\my_game.h(165): warning C4244: 'initializing': conversion from 'int' to 'float', possible loss of data
c:\users\crbro\desktop\projects!!!!\voronoi flail\levent_development\tiny2d\my_game.h(170): warning C4838: conversion from 'int' to 'float' requires a narrowing conversion
c:\users\crbro\desktop\projects!!!!\voronoi flail\levent_development\tiny2d\my_game.h(170): warning C4244: 'initializing': conversion from 'int' to 'float', possible loss of data
c:\users\crbro\desktop\projects!!!!\voronoi flail\levent_development\tiny2d\my_game.h(180): warning C4305: 'argument': truncation from 'double' to 'float'
c:\users\crbro\desktop\projects!!!!\voronoi flail\levent_development\tiny2d\my_game.h(182): warning C4244: 'argument': conversion from 'double' to 'float', possible loss of data
c:\users\crbro\desktop\projects!!!!\voronoi flail\levent_development\tiny2d\my_game.h(197): warning C4305: '*=': truncation from 'double' to 'float'
c:\users\crbro\desktop\projects!!!!\voronoi flail\levent_development\tiny2d\my_game.h(198): warning C4305: '*=': truncation from 'double' to 'float'
c:\users\crbro\desktop\projects!!!!\voronoi flail\levent_development\tiny2d\my_game.h(246): warning C4838: conversion from 'double' to 'float' requires a narrowing conversion
c:\users\crbro\desktop\projects!!!!\voronoi flail\levent_development\tiny2d\my_game.h(246): warning C4244: 'initializing': conversion from 'double' to 'float', possible loss of data
c:\users\crbro\desktop\projects!!!!\voronoi flail\levent_development\tiny2d\my_game.h(266): warning C4838: conversion from 'int' to 'float' requires a narrowing conversion
c:\users\crbro\desktop\projects!!!!\voronoi flail\levent_development\tiny2d\my_game.h(266): warning C4244: 'initializing': conversion from 'int' to 'float', possible loss of data
c:\users\crbro\desktop\projects!!!!\voronoi flail\levent_development\tiny2d\my_game.h(284): warning C4244: 'argument': conversion from 'int' to 'float', possible loss of data
c:\users\crbro\desktop\projects!!!!\voronoi flail\levent_development\tiny2d\my_game.h(295): warning C4018: '>': signed/unsigned mismatch
c:\users\crbro\desktop\projects!!!!\voronoi flail\levent_development\tiny2d\my_game.h(316): warning C4838: conversion from 'int' to 'float' requires a narrowing conversion
c:\users\crbro\desktop\projects!!!!\voronoi flail\levent_development\tiny2d\my_game.h(316): warning C4244: 'initializing': conversion from 'int' to 'float', possible loss of data
c:\users\crbro\desktop\projects!!!!\voronoi flail\levent_development\tiny2d\my_game.h(351): warning C4838: conversion from 'int' to 'float' requires a narrowing conversion
c:\users\crbro\desktop\projects!!!!\voronoi flail\levent_development\tiny2d\my_game.h(351): warning C4244: 'initializing': conversion from 'int' to 'float', possible loss of data
c:\users\crbro\desktop\projects!!!!\voronoi flail\levent_development\tiny2d\my_game.h(352): warning C4838: conversion from 'int' to 'float' requires a narrowing conversion
c:\users\crbro\desktop\projects!!!!\voronoi flail\levent_development\tiny2d\my_game.h(352): warning C4244: 'initializing': conversion from 'int' to 'float', possible loss of data
c:\users\crbro\desktop\projects!!!!\voronoi flail\levent_development\tiny2d\my_game.h(353): warning C4838: conversion from 'double' to 'float' requires a narrowing conversion
c:\users\crbro\desktop\projects!!!!\voronoi flail\levent_development\tiny2d\my_game.h(353): warning C4244: 'initializing': conversion from 'double' to 'float', possible loss of data
c:\users\crbro\desktop\projects!!!!\voronoi flail\levent_development\tiny2d\my_game.h(360): warning C4305: 'argument': truncation from 'double' to 'float'
c:\users\crbro\desktop\projects!!!!\voronoi flail\levent_development\tiny2d\my_game.h(406): warning C4244: '=': conversion from 'double' to 'float', possible loss of data
c:\users\crbro\desktop\projects!!!!\voronoi flail\levent_development\tiny2d\my_game.h(407): warning C4244: '=': conversion from 'double' to 'float', possible loss of data
c:\users\crbro\desktop\projects!!!!\voronoi flail\levent_development\tiny2d\my_game.h(408): warning C4244: '=': conversion from 'double' to 'float', possible loss of data
c:\users\crbro\desktop\projects!!!!\voronoi flail\levent_development\tiny2d\my_game.h(409): warning C4244: '=': conversion from 'double' to 'float', possible loss of data
c:\users\crbro\desktop\projects!!!!\voronoi flail\levent_development\tiny2d\my_game.h(527): warning C4244: 'initializing': conversion from 'double' to 'int', possible loss of data
c:\users\crbro\desktop\projects!!!!\voronoi flail\levent_development\tiny2d\my_game.h(528): warning C4244: 'initializing': conversion from 'double' to 'int', possible loss of data
c:\users\crbro\desktop\projects!!!!\voronoi flail\levent_development\tiny2d\my_game.h(529): warning C4244: 'initializing': conversion from 'double' to 'int', possible loss of data
c:\users\crbro\desktop\projects!!!!\voronoi flail\levent_development\tiny2d\my_game.h(523): warning C4101: 'distance_tmp': unreferenced local variable
c:\users\crbro\desktop\projects!!!!\voronoi flail\levent_development\tiny2d\main_my_game.cpp(23): warning C4244: 'initializing': conversion from 'double' to 'float', possible loss of data
c:\users\crbro\desktop\projects!!!!\voronoi flail\levent_development\tiny2d\main_my_game.cpp(36): warning C4244: 'initializing': conversion from 'double' to 'float', possible loss of data
main_my_game.obj : warning LNK4248: unresolved typeref token (01000015) for 'SDL_Renderer'; image may not run
main_my_game.obj : warning LNK4248: unresolved typeref token (01000016) for 'SDL_Texture'; image may not run
main_my_game.obj : warning LNK4248: unresolved typeref token (01000019) for '_Mix_Music'; image may not run
main_my_game.obj : warning LNK4248: unresolved typeref token (0100001A) for '_SDL_GameController'; image may not run
main_my_game.obj : warning LNK4248: unresolved typeref token (0100001B) for 'SDL_Window'; image may not run
  SDL_grader.vcxproj -> C:\Users\crbro\Desktop\Projects!!!!\voronoi flail\Levent_Development\tiny2D\Debug\SDL_grader.exe
