  main_my_game.cpp
c:\users\ryan\desktop\flail_project\prog3_final\maze gen\include\table_file_core.h(37): warning C4244: 'initializing': conversion from '__int64' to 'unsigned int', possible loss of data
c:\users\ryan\desktop\flail_project\prog3_final\maze gen\include\table_file_core.h(40): warning C4244: 'argument': conversion from '__int64' to 'size_t', possible loss of data
c:\users\ryan\desktop\flail_project\prog3_final\maze gen\include\table_file_core.h(70): warning C4244: '=': conversion from '__int64' to 'unsigned int', possible loss of data
c:\users\ryan\desktop\flail_project\prog3_final\maze gen\include\table_file_core.h(102): warning C4244: 'initializing': conversion from '__int64' to 'unsigned int', possible loss of data
c:\users\ryan\desktop\flail_project\prog3_final\maze gen\include\table_file_core.h(116): warning C4244: '=': conversion from '__int64' to 'unsigned int', possible loss of data
c:\users\ryan\desktop\flail_project\prog3_final\maze gen\include\grid_core.h(41): warning C4244: '=': conversion from 'float' to 'int', possible loss of data
c:\users\ryan\desktop\flail_project\prog3_final\maze gen\include\grid_core.h(42): warning C4244: '=': conversion from 'float' to 'int', possible loss of data
c:\users\ryan\desktop\flail_project\prog3_final\maze gen\include\grid_core.h(47): warning C4244: '=': conversion from 'const float' to 'int', possible loss of data
c:\users\ryan\desktop\flail_project\prog3_final\maze gen\include\grid_core.h(48): warning C4244: '=': conversion from 'const float' to 'int', possible loss of data
c:\users\ryan\desktop\flail_project\prog3_final\maze gen\include\grid_core.h(49): warning C4244: '=': conversion from 'float' to 'int', possible loss of data
c:\users\ryan\desktop\flail_project\prog3_final\maze gen\include\grid_core.h(50): warning C4244: '=': conversion from 'float' to 'int', possible loss of data
c:\users\ryan\desktop\flail_project\prog3_final\maze gen\include\grid_core.h(83): warning C4244: 'initializing': conversion from 'const float' to 'int', possible loss of data
c:\users\ryan\desktop\flail_project\prog3_final\maze gen\include\grid_core.h(84): warning C4244: 'initializing': conversion from 'const float' to 'int', possible loss of data
c:\users\ryan\desktop\flail_project\prog3_final\maze gen\include\grid_core.h(85): warning C4244: 'initializing': conversion from 'float' to 'int', possible loss of data
c:\users\ryan\desktop\flail_project\prog3_final\maze gen\include\grid_core.h(86): warning C4244: 'initializing': conversion from 'float' to 'int', possible loss of data
c:\users\ryan\desktop\flail_project\prog3_final\maze gen\include\grid_core.h(100): warning C4244: 'initializing': conversion from 'const float' to 'int', possible loss of data
c:\users\ryan\desktop\flail_project\prog3_final\maze gen\include\grid_core.h(101): warning C4244: 'initializing': conversion from 'const float' to 'int', possible loss of data
c:\users\ryan\desktop\flail_project\prog3_final\maze gen\include\grid_core.h(102): warning C4244: 'initializing': conversion from 'float' to 'int', possible loss of data
c:\users\ryan\desktop\flail_project\prog3_final\maze gen\include\grid_core.h(103): warning C4244: 'initializing': conversion from 'float' to 'int', possible loss of data
c:\users\ryan\desktop\flail_project\prog3_final\maze gen\include\grid_core.h(118): warning C4244: 'initializing': conversion from 'const float' to 'int', possible loss of data
c:\users\ryan\desktop\flail_project\prog3_final\maze gen\include\grid_core.h(119): warning C4244: 'initializing': conversion from 'const float' to 'int', possible loss of data
c:\users\ryan\desktop\flail_project\prog3_final\maze gen\include\grid_core.h(120): warning C4244: 'initializing': conversion from 'float' to 'int', possible loss of data
c:\users\ryan\desktop\flail_project\prog3_final\maze gen\include\grid_core.h(121): warning C4244: 'initializing': conversion from 'float' to 'int', possible loss of data
c:\users\ryan\desktop\flail_project\prog3_final\maze gen\include\grid_core.h(139): warning C4244: '=': conversion from 'double' to 'unsigned char', possible loss of data
c:\users\ryan\desktop\flail_project\prog3_final\maze gen\include\grid_core.h(143): warning C4244: '=': conversion from 'double' to 'unsigned char', possible loss of data
c:\users\ryan\desktop\flail_project\prog3_final\maze gen\include\grid_core.h(147): warning C4244: '=': conversion from 'double' to 'unsigned char', possible loss of data
c:\users\ryan\desktop\flail_project\prog3_final\maze gen\include\grid_core.h(164): warning C4018: '<': signed/unsigned mismatch
c:\users\ryan\desktop\flail_project\prog3_final\maze gen\include\grid_core.h(173): warning C4018: '<': signed/unsigned mismatch
c:\users\ryan\desktop\flail_project\prog3_final\maze gen\include\grid_core.h(175): warning C4018: '<': signed/unsigned mismatch
c:\users\ryan\desktop\flail_project\prog3_final\maze gen\include\grid_camera_core.h(56): warning C4244: 'initializing': conversion from 'float' to 'int', possible loss of data
c:\users\ryan\desktop\flail_project\prog3_final\maze gen\include\grid_camera_core.h(57): warning C4244: 'initializing': conversion from 'float' to 'int', possible loss of data
c:\users\ryan\desktop\flail_project\prog3_final\maze gen\include\grid_camera_core.h(59): warning C4244: '=': conversion from 'float' to 'int', possible loss of data
c:\users\ryan\desktop\flail_project\prog3_final\maze gen\include\grid_camera_core.h(60): warning C4244: '=': conversion from 'float' to 'int', possible loss of data
c:\users\ryan\desktop\flail_project\prog3_final\maze gen\include\grid_camera_core.h(61): warning C4244: '=': conversion from 'float' to 'int', possible loss of data
c:\users\ryan\desktop\flail_project\prog3_final\maze gen\include\grid_camera_core.h(62): warning C4244: '=': conversion from 'float' to 'int', possible loss of data
c:\users\ryan\desktop\flail_project\prog3_final\maze gen\include\shape_core.h(55): warning C4244: 'initializing': conversion from 'double' to 'float', possible loss of data
c:\users\ryan\desktop\flail_project\prog3_final\maze gen\include\shape_core.h(56): warning C4244: 'initializing': conversion from 'double' to 'float', possible loss of data
c:\users\ryan\desktop\flail_project\prog3_final\maze gen\include\shape_core.h(57): warning C4244: 'initializing': conversion from 'double' to 'float', possible loss of data
c:\users\ryan\desktop\flail_project\prog3_final\maze gen\include\shape_core.h(58): warning C4244: 'initializing': conversion from 'double' to 'float', possible loss of data
c:\users\ryan\desktop\flail_project\prog3_final\maze gen\include\shape_core.h(88): warning C4244: '=': conversion from 'float' to 'int', possible loss of data
c:\users\ryan\desktop\flail_project\prog3_final\maze gen\include\shape_core.h(89): warning C4244: '=': conversion from 'float' to 'int', possible loss of data
c:\users\ryan\desktop\flail_project\prog3_final\maze gen\include\shape_core.h(90): warning C4244: '=': conversion from 'float' to 'int', possible loss of data
c:\users\ryan\desktop\flail_project\prog3_final\maze gen\include\shape_core.h(91): warning C4244: '=': conversion from 'float' to 'int', possible loss of data
c:\users\ryan\desktop\flail_project\prog3_final\maze gen\include\shape_core.h(121): warning C4244: 'argument': conversion from 'double' to 'int', possible loss of data
c:\users\ryan\desktop\flail_project\prog3_final\maze gen\include\tileset_core.h(73): warning C4244: 'initializing': conversion from 'const float' to 'int', possible loss of data
c:\users\ryan\desktop\flail_project\prog3_final\maze gen\include\tileset_core.h(74): warning C4244: 'initializing': conversion from 'const float' to 'int', possible loss of data
c:\users\ryan\desktop\flail_project\prog3_final\maze gen\include\tileset_core.h(75): warning C4244: 'initializing': conversion from 'float' to 'int', possible loss of data
c:\users\ryan\desktop\flail_project\prog3_final\maze gen\include\tileset_core.h(76): warning C4244: 'initializing': conversion from 'float' to 'int', possible loss of data
c:\users\ryan\desktop\flail_project\prog3_final\maze gen\include\font_core.h(94): warning C4244: 'argument': conversion from 'float' to 'int', possible loss of data
c:\users\ryan\desktop\flail_project\prog3_final\maze gen\include\collision_core.h(21): warning C4244: '=': conversion from 'double' to 'float', possible loss of data
c:\users\ryan\desktop\flail_project\prog3_final\maze gen\include\collision_core.h(22): warning C4244: '=': conversion from 'double' to 'float', possible loss of data
c:\users\ryan\desktop\flail_project\prog3_final\maze gen\include\sprite_core.h(59): warning C4018: '>=': signed/unsigned mismatch
c:\users\ryan\desktop\flail_project\prog3_final\maze gen\include\sprite_core.h(94): warning C4473: 'fscanf' : not enough arguments passed for format string
  c:\users\ryan\desktop\flail_project\prog3_final\maze gen\include\sprite_core.h(94): note: placeholders and their parameters expect 7 variadic arguments, but 6 were provided
  c:\users\ryan\desktop\flail_project\prog3_final\maze gen\include\sprite_core.h(94): note: the missing variadic argument 7 is required by format string '%f'
c:\users\ryan\desktop\flail_project\prog3_final\maze gen\include\body_core.h(88): warning C4244: '*=': conversion from 'double' to 'float', possible loss of data
c:\users\ryan\desktop\flail_project\prog3_final\maze gen\include\body_core.h(89): warning C4244: '*=': conversion from 'double' to 'float', possible loss of data
c:\users\ryan\desktop\flail_project\prog3_final\maze gen\include\light_core.h(81): warning C4838: conversion from 'int' to 'float' requires a narrowing conversion
c:\users\ryan\desktop\flail_project\prog3_final\maze gen\include\light_core.h(81): warning C4244: 'initializing': conversion from 'int' to 'float', possible loss of data
c:\users\ryan\desktop\flail_project\prog3_final\maze gen\include\actor_core.h(282): warning C4244: 'argument': conversion from 'float' to 'int', possible loss of data
c:\users\ryan\desktop\flail_project\prog3_final\maze gen\include\actor_core.h(281): warning C4244: 'argument': conversion from 'float' to 'int', possible loss of data
c:\users\ryan\desktop\flail_project\prog3_final\maze gen\include\actor_core.h(280): warning C4244: 'argument': conversion from 'float' to 'int', possible loss of data
c:\users\ryan\desktop\flail_project\prog3_final\maze gen\include\actor_core.h(279): warning C4244: 'argument': conversion from 'float' to 'int', possible loss of data
c:\users\ryan\desktop\flail_project\prog3_final\maze gen\include\actor_core.h(305): warning C4244: 'argument': conversion from 'float' to 'int', possible loss of data
c:\users\ryan\desktop\flail_project\prog3_final\maze gen\include\actor_core.h(304): warning C4244: 'argument': conversion from 'float' to 'int', possible loss of data
c:\users\ryan\desktop\flail_project\prog3_final\maze gen\include\actor_core.h(303): warning C4244: 'argument': conversion from 'float' to 'int', possible loss of data
c:\users\ryan\desktop\flail_project\prog3_final\maze gen\include\actor_core.h(302): warning C4244: 'argument': conversion from 'float' to 'int', possible loss of data
c:\users\ryan\desktop\flail_project\prog3_final\maze gen\include\particle_core.h(72): warning C4244: '=': conversion from 'double' to 'int', possible loss of data
c:\users\ryan\desktop\flail_project\prog3_final\maze gen\include\particle_core.h(82): warning C4244: '=': conversion from 'double' to 'float', possible loss of data
c:\users\ryan\desktop\flail_project\prog3_final\maze gen\include\particle_core.h(83): warning C4244: '=': conversion from 'double' to 'float', possible loss of data
c:\users\ryan\desktop\flail_project\prog3_final\maze gen\include\particle_core.h(100): warning C4018: '>=': signed/unsigned mismatch
c:\users\ryan\desktop\flail_project\prog3_final\maze gen\include\particle_core.h(152): warning C4244: 'initializing': conversion from 'double' to 'float', possible loss of data
c:\users\ryan\desktop\flail_project\prog3_final\maze gen\include\particle_core.h(161): warning C4244: 'argument': conversion from 'float' to 'unsigned char', possible loss of data
c:\users\ryan\desktop\flail_project\prog3_final\maze gen\include\particle_core.h(158): warning C4244: 'argument': conversion from 'float' to 'int', possible loss of data
c:\users\ryan\desktop\flail_project\prog3_final\maze gen\include\particle_core.h(157): warning C4244: 'argument': conversion from 'float' to 'int', possible loss of data
c:\users\ryan\desktop\flail_project\prog3_final\maze gen\include\particle_core.h(156): warning C4244: 'argument': conversion from 'float' to 'int', possible loss of data
c:\users\ryan\desktop\flail_project\prog3_final\maze gen\include\particle_core.h(155): warning C4244: 'argument': conversion from 'float' to 'int', possible loss of data
c:\users\ryan\desktop\flail_project\prog3_final\maze gen\my_game.h(63): warning C4018: '>=': signed/unsigned mismatch
c:\users\ryan\desktop\flail_project\prog3_final\maze gen\main_my_game.cpp(23): warning C4244: 'initializing': conversion from 'double' to 'float', possible loss of data
c:\users\ryan\desktop\flail_project\prog3_final\maze gen\main_my_game.cpp(33): warning C4244: 'initializing': conversion from 'double' to 'float', possible loss of data
  main_my_game.obj : MSIL module encountered; incremental linking is disabled for MSIL; performing full link
main_my_game.obj : warning LNK4248: unresolved typeref token (01000015) for 'SDL_Renderer'; image may not run
main_my_game.obj : warning LNK4248: unresolved typeref token (01000016) for 'SDL_Texture'; image may not run
main_my_game.obj : warning LNK4248: unresolved typeref token (01000019) for '_Mix_Music'; image may not run
main_my_game.obj : warning LNK4248: unresolved typeref token (0100001A) for '_SDL_GameController'; image may not run
main_my_game.obj : warning LNK4248: unresolved typeref token (0100001B) for 'SDL_Window'; image may not run
  SDL_grader.vcxproj -> C:\Users\Ryan\Desktop\Flail_Project\prog3_final\maze gen\Debug\SDL_grader.exe
